c:\users\pbm_l\onedrive\documente\spg\lab7\opengl_4_application_vs2015\opengl_4_application_vs2015\release\opengl_4_application_vs2015.pch
c:\users\pbm_l\onedrive\documente\spg\lab7\opengl_4_application_vs2015\opengl_4_application_vs2015\release\vc142.pdb
c:\users\pbm_l\onedrive\documente\spg\lab7\opengl_4_application_vs2015\opengl_4_application_vs2015\release\stdafx.obj
c:\users\pbm_l\onedrive\documente\spg\lab7\opengl_4_application_vs2015\opengl_4_application_vs2015\release\shader.obj
c:\users\pbm_l\onedrive\documente\spg\lab7\opengl_4_application_vs2015\opengl_4_application_vs2015\release\opengl_4_application_vs2015.obj
c:\users\pbm_l\onedrive\documente\spg\lab7\opengl_4_application_vs2015\opengl_4_application_vs2015\release\model3d.obj
c:\users\pbm_l\onedrive\documente\spg\lab7\opengl_4_application_vs2015\opengl_4_application_vs2015\release\mesh.obj
c:\users\pbm_l\onedrive\documente\spg\lab7\opengl_4_application_vs2015\opengl_4_application_vs2015\release\camera.obj
c:\users\pbm_l\onedrive\documente\spg\lab7\opengl_4_application_vs2015\opengl_4_application_vs2015\release\stb_image.obj
c:\users\pbm_l\onedrive\documente\spg\lab8\opengl_4_application_vs2015\opengl_4_application_vs2015\release\opengl_4_application_vs2015.pch
c:\users\pbm_l\onedrive\documente\spg\lab8\opengl_4_application_vs2015\opengl_4_application_vs2015\release\vc142.pdb
c:\users\pbm_l\onedrive\documente\spg\lab8\opengl_4_application_vs2015\opengl_4_application_vs2015\release\stdafx.obj
c:\users\pbm_l\onedrive\documente\spg\lab8\opengl_4_application_vs2015\opengl_4_application_vs2015\release\shader.obj
c:\users\pbm_l\onedrive\documente\spg\lab8\opengl_4_application_vs2015\opengl_4_application_vs2015\release\opengl_4_application_vs2015.obj
c:\users\pbm_l\onedrive\documente\spg\lab8\opengl_4_application_vs2015\opengl_4_application_vs2015\release\model3d.obj
c:\users\pbm_l\onedrive\documente\spg\lab8\opengl_4_application_vs2015\opengl_4_application_vs2015\release\mesh.obj
c:\users\pbm_l\onedrive\documente\spg\lab8\opengl_4_application_vs2015\opengl_4_application_vs2015\release\camera.obj
c:\users\pbm_l\onedrive\documente\spg\lab8\opengl_4_application_vs2015\opengl_4_application_vs2015\release\stb_image.obj
c:\users\pbm_l\onedrive\desktop\proiect_spg\opengl_4_application_vs2015\opengl_4_application_vs2015\release\opengl_4_application_vs2015.pch
c:\users\pbm_l\onedrive\desktop\proiect_spg\opengl_4_application_vs2015\opengl_4_application_vs2015\release\vc142.pdb
c:\users\pbm_l\onedrive\desktop\proiect_spg\opengl_4_application_vs2015\opengl_4_application_vs2015\release\stdafx.obj
c:\users\pbm_l\onedrive\desktop\proiect_spg\opengl_4_application_vs2015\opengl_4_application_vs2015\release\skybox.obj
c:\users\pbm_l\onedrive\desktop\proiect_spg\opengl_4_application_vs2015\opengl_4_application_vs2015\release\shader.obj
c:\users\pbm_l\onedrive\desktop\proiect_spg\opengl_4_application_vs2015\opengl_4_application_vs2015\release\opengl_4_application_vs2015.obj
c:\users\pbm_l\onedrive\desktop\proiect_spg\opengl_4_application_vs2015\opengl_4_application_vs2015\release\model3d.obj
c:\users\pbm_l\onedrive\desktop\proiect_spg\opengl_4_application_vs2015\opengl_4_application_vs2015\release\mesh.obj
c:\users\pbm_l\onedrive\desktop\proiect_spg\opengl_4_application_vs2015\opengl_4_application_vs2015\release\camera.obj
c:\users\pbm_l\onedrive\desktop\proiect_spg\opengl_4_application_vs2015\opengl_4_application_vs2015\release\stb_image.obj
c:\users\pbm_l\onedrive\desktop\proiect_spg\opengl_4_application_vs2015\opengl_4_application_vs2015\release\texture.obj
c:\users\pbm_l\onedrive\desktop\podarubogdan_gr30238_app\opengl_4_application_vs2015\opengl_4_application_vs2015\release\opengl_4_application_vs2015.pch
c:\users\pbm_l\onedrive\desktop\podarubogdan_gr30238_app\opengl_4_application_vs2015\opengl_4_application_vs2015\release\vc142.pdb
c:\users\pbm_l\onedrive\desktop\podarubogdan_gr30238_app\opengl_4_application_vs2015\opengl_4_application_vs2015\release\stdafx.obj
c:\users\pbm_l\onedrive\desktop\podarubogdan_gr30238_app\opengl_4_application_vs2015\opengl_4_application_vs2015\release\skybox.obj
c:\users\pbm_l\onedrive\desktop\podarubogdan_gr30238_app\opengl_4_application_vs2015\opengl_4_application_vs2015\release\shader.obj
c:\users\pbm_l\onedrive\desktop\podarubogdan_gr30238_app\opengl_4_application_vs2015\opengl_4_application_vs2015\release\opengl_4_application_vs2015.obj
c:\users\pbm_l\onedrive\desktop\podarubogdan_gr30238_app\opengl_4_application_vs2015\opengl_4_application_vs2015\release\model3d.obj
c:\users\pbm_l\onedrive\desktop\podarubogdan_gr30238_app\opengl_4_application_vs2015\opengl_4_application_vs2015\release\mesh.obj
c:\users\pbm_l\onedrive\desktop\podarubogdan_gr30238_app\opengl_4_application_vs2015\opengl_4_application_vs2015\release\camera.obj
c:\users\pbm_l\onedrive\desktop\podarubogdan_gr30238_app\opengl_4_application_vs2015\opengl_4_application_vs2015\release\stb_image.obj
c:\users\pbm_l\onedrive\documente\spg\lab7\opengl_4_application_vs2015\release\opengl_4_application_vs2015.exe
c:\users\pbm_l\onedrive\documente\spg\lab7\opengl_4_application_vs2015\release\opengl_4_application_vs2015.pdb
c:\users\pbm_l\onedrive\documente\spg\lab8\opengl_4_application_vs2015\release\opengl_4_application_vs2015.exe
c:\users\pbm_l\onedrive\documente\spg\lab8\opengl_4_application_vs2015\release\opengl_4_application_vs2015.pdb
c:\users\pbm_l\onedrive\desktop\proiect_spg\opengl_4_application_vs2015\release\opengl_4_application_vs2015.exe
c:\users\pbm_l\onedrive\desktop\proiect_spg\opengl_4_application_vs2015\release\opengl_4_application_vs2015.pdb
c:\users\pbm_l\onedrive\desktop\podarubogdan_gr30238_app\opengl_4_application_vs2015\release\opengl_4_application_vs2015.exe
c:\users\pbm_l\onedrive\desktop\podarubogdan_gr30238_app\opengl_4_application_vs2015\release\opengl_4_application_vs2015.pdb
c:\users\pbm_l\onedrive\documente\spg\lab7\opengl_4_application_vs2015\release\opengl_4_application_vs2015.ipdb
c:\users\pbm_l\onedrive\documente\spg\lab7\opengl_4_application_vs2015\release\opengl_4_application_vs2015.iobj
c:\users\pbm_l\onedrive\documente\spg\lab8\opengl_4_application_vs2015\release\opengl_4_application_vs2015.ipdb
c:\users\pbm_l\onedrive\documente\spg\lab8\opengl_4_application_vs2015\release\opengl_4_application_vs2015.iobj
c:\users\pbm_l\onedrive\desktop\proiect_spg\opengl_4_application_vs2015\release\opengl_4_application_vs2015.ipdb
c:\users\pbm_l\onedrive\desktop\proiect_spg\opengl_4_application_vs2015\release\opengl_4_application_vs2015.iobj
c:\users\pbm_l\onedrive\desktop\podarubogdan_gr30238_app\opengl_4_application_vs2015\release\opengl_4_application_vs2015.ipdb
c:\users\pbm_l\onedrive\desktop\podarubogdan_gr30238_app\opengl_4_application_vs2015\release\opengl_4_application_vs2015.iobj
c:\users\pbm_l\onedrive\desktop\podarubogdan_gr30238_app\opengl_4_application_vs2015\opengl_4_application_vs2015\release\texture.obj
c:\users\pbm_l\onedrive\desktop\podarubogdan_gr30238_app\opengl_4_application_vs2015\opengl_4_application_vs2015\release\opengl_4.59a67b95.tlog\cl.command.1.tlog
c:\users\pbm_l\onedrive\desktop\podarubogdan_gr30238_app\opengl_4_application_vs2015\opengl_4_application_vs2015\release\opengl_4.59a67b95.tlog\cl.read.1.tlog
c:\users\pbm_l\onedrive\desktop\podarubogdan_gr30238_app\opengl_4_application_vs2015\opengl_4_application_vs2015\release\opengl_4.59a67b95.tlog\cl.write.1.tlog
c:\users\pbm_l\onedrive\desktop\podarubogdan_gr30238_app\opengl_4_application_vs2015\opengl_4_application_vs2015\release\opengl_4.59a67b95.tlog\link.command.1.tlog
c:\users\pbm_l\onedrive\desktop\podarubogdan_gr30238_app\opengl_4_application_vs2015\opengl_4_application_vs2015\release\opengl_4.59a67b95.tlog\link.read.1.tlog
c:\users\pbm_l\onedrive\desktop\podarubogdan_gr30238_app\opengl_4_application_vs2015\opengl_4_application_vs2015\release\opengl_4.59a67b95.tlog\link.write.1.tlog
c:\users\pbm_l\onedrive\desktop\podarubogdan_gr30238_app\opengl_4_application_vs2015\opengl_4_application_vs2015\release\opengl_4.59a67b95.tlog\opengl_4_application_vs2015.write.1u.tlog
